npm verb cli C:\Program Files\nodejs\node.exe C:\Program Files\nodejs\node_modules\npm\bin\npm-cli.js
npm info using npm@10.2.4
npm info using node@v20.11.0
npm verb title npm install
npm verb argv "install" "--legacy-peer-deps" "--loglevel" "verbose"
npm verb logfile logs-max:10 dir:C:\Users\maric\AppData\Local\npm-cache\_logs\2024-07-23T00_43_32_268Z-
npm verb logfile C:\Users\maric\AppData\Local\npm-cache\_logs\2024-07-23T00_43_32_268Z-debug-0.log
npm http fetch GET 200 https://registry.npmjs.org/@faker-js%2ffaker 668ms (cache revalidated)
npm http fetch GET 200 https://registry.npmjs.org/cypress-mochawesome-reporter 658ms (cache revalidated)
npm http fetch GET 200 https://registry.npmjs.org/browserstack-cypress-cli 648ms (cache revalidated)
npm http fetch GET 200 https://registry.npmjs.org/cypress 78ms (cache revalidated)
npm http fetch GET 200 https://registry.npmjs.org/cli-progress 558ms (cache revalidated)
npm http fetch GET 200 https://registry.npmjs.org/mochawesome-merge 528ms (cache revalidated)
npm http fetch GET 200 https://registry.npmjs.org/mkdirp 596ms (cache revalidated)
npm http fetch GET 200 https://registry.npmjs.org/async 603ms (cache revalidated)
npm http fetch GET 200 https://registry.npmjs.org/archiver 606ms (cache revalidated)
npm http fetch GET 200 https://registry.npmjs.org/debug 587ms (cache revalidated)
npm http fetch GET 200 https://registry.npmjs.org/tmp 592ms (cache revalidated)
npm http fetch GET 200 https://registry.npmjs.org/fs-extra 605ms (cache revalidated)
npm http fetch GET 200 https://registry.npmjs.org/winston 598ms (cache revalidated)
npm http fetch GET 200 https://registry.npmjs.org/yargs 598ms (cache revalidated)
npm http fetch GET 200 https://registry.npmjs.org/fs-extra 586ms (cache revalidated)
npm http fetch GET 200 https://registry.npmjs.org/request 612ms (cache revalidated)
npm http fetch GET 200 https://registry.npmjs.org/glob 616ms (cache revalidated)
npm http fetch GET 200 https://registry.npmjs.org/node-ipc 616ms (cache revalidated)
npm http fetch GET 200 https://registry.npmjs.org/is-ci 603ms (cache revalidated)
npm http fetch GET 200 https://registry.npmjs.org/yauzl 603ms (cache revalidated)
npm http fetch GET 200 https://registry.npmjs.org/blob-util 589ms (cache revalidated)
npm http fetch GET 200 https://registry.npmjs.org/decompress 614ms (cache revalidated)
npm http fetch GET 200 https://registry.npmjs.org/mocha 621ms (cache revalidated)
npm http fetch GET 200 https://registry.npmjs.org/uuid 624ms (cache revalidated)
npm http fetch GET 200 https://registry.npmjs.org/buffer 612ms (cache revalidated)
npm http fetch GET 200 https://registry.npmjs.org/semver 610ms (cache revalidated)
npm http fetch GET 200 https://registry.npmjs.org/dayjs 621ms (cache revalidated)
npm http fetch GET 200 https://registry.npmjs.org/chalk 624ms (cache revalidated)
npm http fetch GET 200 https://registry.npmjs.org/getos 620ms (cache revalidated)
npm http fetch GET 200 https://registry.npmjs.org/update-notifier 634ms (cache revalidated)
npm http fetch GET 200 https://registry.npmjs.org/ospath 620ms (cache revalidated)
npm http fetch GET 200 https://registry.npmjs.org/chalk 644ms (cache revalidated)
npm http fetch GET 200 https://registry.npmjs.org/execa 628ms (cache revalidated)
npm http fetch GET 200 https://registry.npmjs.org/cli-table3 609ms (cache revalidated)
npm http fetch GET 200 https://registry.npmjs.org/enquirer 620ms (cache revalidated)
npm http fetch GET 200 https://registry.npmjs.org/minimist 614ms (cache revalidated)
npm http fetch GET 200 https://registry.npmjs.org/listr2 628ms (cache revalidated)
npm http fetch GET 200 https://registry.npmjs.org/table 651ms (cache revalidated)
npm http fetch GET 200 https://registry.npmjs.org/common-tags 621ms (cache revalidated)
npm http fetch GET 200 https://registry.npmjs.org/executable 624ms (cache revalidated)
npm http fetch GET 200 https://registry.npmjs.org/lazy-ass 633ms (cache revalidated)
npm http fetch GET 200 https://registry.npmjs.org/process 644ms (cache revalidated)
npm http fetch GET 200 https://registry.npmjs.org/log-symbols 630ms (cache revalidated)
npm http fetch GET 200 https://registry.npmjs.org/untildify 634ms (cache revalidated)
npm http fetch GET 200 https://registry.npmjs.org/figures 646ms (cache revalidated)
npm http fetch GET 200 https://registry.npmjs.org/extract-zip 633ms (cache revalidated)
npm http fetch GET 200 https://registry.npmjs.org/cachedir 646ms (cache revalidated)
npm http fetch GET 200 https://registry.npmjs.org/proxy-from-env 630ms (cache revalidated)
npm http fetch GET 200 https://registry.npmjs.org/supports-color 629ms (cache revalidated)
npm http fetch GET 200 https://registry.npmjs.org/eventemitter2 635ms (cache revalidated)
npm http fetch GET 200 https://registry.npmjs.org/cli-cursor 640ms (cache revalidated)
npm http fetch GET 200 https://registry.npmjs.org/commander 646ms (cache revalidated)
npm http fetch GET 200 https://registry.npmjs.org/pretty-bytes 647ms (cache revalidated)
npm http fetch GET 200 https://registry.npmjs.org/fs-extra 640ms (cache revalidated)
npm http fetch GET 200 https://registry.npmjs.org/mochawesome 642ms (cache revalidated)
npm http fetch GET 200 https://registry.npmjs.org/bluebird 670ms (cache revalidated)
npm http fetch GET 200 https://registry.npmjs.org/@types%2fsinonjs__fake-timers 652ms (cache revalidated)
npm http fetch GET 200 https://registry.npmjs.org/@types%2fsizzle 665ms (cache revalidated)
npm http fetch GET 200 https://registry.npmjs.org/is-installed-globally 660ms (cache revalidated)
npm http fetch GET 200 https://registry.npmjs.org/commander 658ms (cache revalidated)
npm http fetch GET 200 https://registry.npmjs.org/lodash 687ms (cache revalidated)
npm http fetch GET 200 https://registry.npmjs.org/check-more-types 666ms (cache revalidated)
npm http fetch GET 200 https://registry.npmjs.org/request-progress 667ms (cache revalidated)
npm http fetch GET 200 https://registry.npmjs.org/@cypress%2fxvfb 673ms (cache revalidated)
npm http fetch GET 200 https://registry.npmjs.org/git-repo-info 712ms (cache revalidated)
npm http fetch GET 200 https://registry.npmjs.org/arch 708ms (cache revalidated)
npm http fetch GET 200 https://registry.npmjs.org/gitconfiglocal 1072ms (cache revalidated)
npm http fetch GET 200 https://registry.npmjs.org/getmac 1086ms (cache revalidated)
npm http fetch GET 200 https://registry.npmjs.org/requestretry 1091ms (cache revalidated)
npm http fetch GET 200 https://registry.npmjs.org/browserstack-local 1099ms (cache revalidated)
npm http fetch GET 200 https://registry.npmjs.org/git-last-commit 1107ms (cache revalidated)
npm http fetch GET 200 https://registry.npmjs.org/windows-release 1115ms (cache revalidated)
npm http fetch GET 200 https://registry.npmjs.org/mochawesome-report-generator 1143ms (cache revalidated)
npm http fetch GET 200 https://registry.npmjs.org/@cypress%2frequest 1727ms (cache revalidated)
npm http fetch GET 200 https://registry.npmjs.org/buffer-crc32 713ms (cache revalidated)
npm http fetch GET 200 https://registry.npmjs.org/tar-stream 712ms (cache revalidated)
npm http fetch GET 200 https://registry.npmjs.org/decompress-tar 704ms (cache revalidated)
npm http fetch GET 200 https://registry.npmjs.org/archiver-utils 716ms (cache revalidated)
npm http fetch GET 200 https://registry.npmjs.org/ps-tree 711ms (cache revalidated)
npm http fetch GET 200 https://registry.npmjs.org/readable-stream 715ms (cache revalidated)
npm http fetch GET 200 https://registry.npmjs.org/readdir-glob 717ms (cache revalidated)
npm http fetch GET 200 https://registry.npmjs.org/string-width 710ms (cache revalidated)
npm http fetch GET 200 https://registry.npmjs.org/agent-base 712ms (cache revalidated)
npm http fetch GET 200 https://registry.npmjs.org/zip-stream 718ms (cache revalidated)
npm http fetch GET 200 https://registry.npmjs.org/https-proxy-agent 724ms (cache revalidated)
npm http fetch GET 200 https://registry.npmjs.org/require-directory 674ms (cache revalidated)
npm http fetch GET 200 https://registry.npmjs.org/require-main-filename 673ms (cache revalidated)
npm http fetch GET 200 https://registry.npmjs.org/latest-version 688ms (cache revalidated)
npm http fetch GET 200 https://registry.npmjs.org/decompress-targz 760ms (cache revalidated)
npm http fetch GET 200 https://registry.npmjs.org/ansi-styles 765ms (cache revalidated)
npm http fetch GET 200 https://registry.npmjs.org/decompress-tarbz2 766ms (cache revalidated)
npm http fetch GET 200 https://registry.npmjs.org/pify 764ms (cache revalidated)
npm http fetch GET 200 https://registry.npmjs.org/strip-dirs 765ms (cache revalidated)
npm http fetch GET 200 https://registry.npmjs.org/decompress-unzip 767ms (cache revalidated)
npm http fetch GET 200 https://registry.npmjs.org/graceful-fs 768ms (cache revalidated)
npm http fetch GET 200 https://registry.npmjs.org/graceful-fs 765ms (cache revalidated)
npm http fetch GET 200 https://registry.npmjs.org/jsonfile 763ms (cache revalidated)
npm http fetch GET 200 https://registry.npmjs.org/inflight 756ms (cache revalidated)
npm http fetch GET 200 https://registry.npmjs.org/ansi-colors 751ms (cache revalidated)
npm http fetch GET 200 https://registry.npmjs.org/make-dir 770ms (cache revalidated)
npm http fetch GET 200 https://registry.npmjs.org/ini 760ms (cache revalidated)
npm http fetch GET 200 https://registry.npmjs.org/path-is-absolute 755ms (cache revalidated)
npm http fetch GET 200 https://registry.npmjs.org/inherits 758ms (cache revalidated)
npm http fetch GET 200 https://registry.npmjs.org/minimatch 758ms (cache revalidated)
npm http fetch GET 200 https://registry.npmjs.org/find-up 753ms (cache revalidated)
npm http fetch GET 200 https://registry.npmjs.org/chokidar 755ms (cache revalidated)
npm http fetch GET 200 https://registry.npmjs.org/js-yaml 753ms (cache revalidated)
npm http fetch GET 200 https://registry.npmjs.org/he 755ms (cache revalidated)
npm http fetch GET 200 https://registry.npmjs.org/ms 753ms (cache revalidated)
npm http fetch GET 200 https://registry.npmjs.org/universalify 771ms (cache revalidated)
npm http fetch GET 200 https://registry.npmjs.org/event-pubsub 743ms (cache revalidated)
npm http fetch GET 200 https://registry.npmjs.org/fs.realpath 764ms (cache revalidated)
npm http fetch GET 200 https://registry.npmjs.org/combined-stream 740ms (cache revalidated)
npm http fetch GET 200 https://registry.npmjs.org/strip-json-comments 754ms (cache revalidated)
npm http fetch GET 200 https://registry.npmjs.org/yargs-unparser 746ms (cache revalidated)
npm http fetch GET 200 https://registry.npmjs.org/yargs-parser 748ms (cache revalidated)
npm http fetch GET 200 https://registry.npmjs.org/escape-string-regexp 761ms (cache revalidated)
npm http fetch GET 200 https://registry.npmjs.org/js-queue 747ms (cache revalidated)
npm http fetch GET 200 https://registry.npmjs.org/minimatch 761ms (cache revalidated)
npm http fetch GET 200 https://registry.npmjs.org/diff 765ms (cache revalidated)
npm http fetch GET 200 https://registry.npmjs.org/workerpool 754ms (cache revalidated)
npm http fetch GET 200 https://registry.npmjs.org/once 775ms (cache revalidated)
npm http fetch GET 200 https://registry.npmjs.org/caseless 748ms (cache revalidated)
npm http fetch GET 200 https://registry.npmjs.org/isstream 745ms (cache revalidated)
npm http fetch GET 200 https://registry.npmjs.org/har-validator 746ms (cache revalidated)
npm http fetch GET 200 https://registry.npmjs.org/form-data 748ms (cache revalidated)
npm http fetch GET 200 https://registry.npmjs.org/@types%2fnode 785ms (cache revalidated)
npm http fetch GET 200 https://registry.npmjs.org/oauth-sign 772ms (cache revalidated)
npm http fetch GET 200 https://registry.npmjs.org/forever-agent 778ms (cache revalidated)
npm http fetch GET 200 https://registry.npmjs.org/performance-now 773ms (cache revalidated)
npm http fetch GET 200 https://registry.npmjs.org/aws-sign2 781ms (cache revalidated)
npm http fetch GET 200 https://registry.npmjs.org/extend 779ms (cache revalidated)
npm http fetch GET 200 https://registry.npmjs.org/extend 768ms (cache revalidated)
npm http fetch GET 200 https://registry.npmjs.org/http-signature 778ms (cache revalidated)
npm http fetch GET 200 https://registry.npmjs.org/json-stringify-safe 777ms (cache revalidated)
npm http fetch GET 200 https://registry.npmjs.org/is-npm 764ms (cache revalidated)
npm http fetch GET 200 https://registry.npmjs.org/pupa 765ms (cache revalidated)
npm http fetch GET 200 https://registry.npmjs.org/tunnel-agent 774ms (cache revalidated)
npm http fetch GET 200 https://registry.npmjs.org/ajv 770ms (cache revalidated)
npm http fetch GET 200 https://registry.npmjs.org/aws4 792ms (cache revalidated)
npm http fetch GET 200 https://registry.npmjs.org/slice-ansi 777ms (cache revalidated)
npm http fetch GET 200 https://registry.npmjs.org/safe-buffer 785ms (cache revalidated)
npm http fetch GET 200 https://registry.npmjs.org/qs 787ms (cache revalidated)
npm http fetch GET 200 https://registry.npmjs.org/colors 765ms (cache revalidated)
npm http fetch GET 200 https://registry.npmjs.org/string-width 783ms (cache revalidated)
npm http fetch GET 200 https://registry.npmjs.org/serialize-javascript 814ms (cache revalidated)
npm http fetch GET 200 https://registry.npmjs.org/js-message 802ms (cache revalidated)
npm http fetch GET 200 https://registry.npmjs.org/isstream 768ms (cache revalidated)
npm http fetch GET 200 https://registry.npmjs.org/mime-types 796ms (cache revalidated)
npm http fetch GET 200 https://registry.npmjs.org/semver-diff 778ms (cache revalidated)
npm http fetch GET 200 https://registry.npmjs.org/import-lazy 783ms (cache revalidated)
npm http fetch GET 200 https://registry.npmjs.org/find-up 767ms (cache revalidated)
npm http fetch GET 200 https://registry.npmjs.org/is-typedarray 800ms (cache revalidated)
npm http fetch GET 200 https://registry.npmjs.org/set-blocking 767ms (cache revalidated)
npm http fetch GET 200 https://registry.npmjs.org/xdg-basedir 780ms (cache revalidated)
npm http fetch GET 200 https://registry.npmjs.org/get-caller-file 767ms (cache revalidated)
npm http fetch GET 200 https://registry.npmjs.org/cliui 771ms (cache revalidated)
npm http fetch GET 200 https://registry.npmjs.org/which-module 769ms (cache revalidated)
npm http fetch GET 200 https://registry.npmjs.org/decamelize 771ms (cache revalidated)
npm http fetch GET 200 https://registry.npmjs.org/y18n 773ms (cache revalidated)
npm http fetch GET 200 https://registry.npmjs.org/yargs-parser 771ms (cache revalidated)
npm http fetch GET 200 https://registry.npmjs.org/tough-cookie 803ms (cache revalidated)
npm http fetch GET 200 https://registry.npmjs.org/stack-trace 785ms (cache revalidated)
npm http fetch GET 200 https://registry.npmjs.org/configstore 799ms (cache revalidated)
npm http fetch GET 200 https://registry.npmjs.org/browser-stdout 841ms (cache revalidated)
npm http fetch GET 200 https://registry.npmjs.org/temp-fs 869ms (cache revalidated)
npm http fetch GET 200 https://registry.npmjs.org/is-running 879ms (cache revalidated)
npm http fetch GET 200 https://registry.npmjs.org/cycle 847ms (cache revalidated)
npm http fetch GET 200 https://registry.npmjs.org/eyes 1219ms (cache revalidated)
npm http fetch GET 200 https://registry.npmjs.org/boxen 1234ms (cache revalidated)
npm http fetch GET 200 https://registry.npmjs.org/is-in-ci 1269ms (cache revalidated)
npm http fetch GET 200 https://registry.npmjs.org/normalize-path 83ms (cache revalidated)
npm http fetch GET 200 https://registry.npmjs.org/lodash.defaults 99ms (cache revalidated)
npm http fetch GET 200 https://registry.npmjs.org/lodash.difference 102ms (cache revalidated)
npm http fetch GET 200 https://registry.npmjs.org/end-of-stream 88ms (cache revalidated)
npm http fetch GET 200 https://registry.npmjs.org/compress-commons 85ms (cache revalidated)
npm http fetch GET 200 https://registry.npmjs.org/lodash.flatten 106ms (cache revalidated)
npm http fetch GET 200 https://registry.npmjs.org/fs-constants 94ms (cache revalidated)
npm http fetch GET 200 https://registry.npmjs.org/lodash.isplainobject 110ms (cache revalidated)
npm http fetch GET 200 https://registry.npmjs.org/util-deprecate 104ms (cache revalidated)
npm http fetch GET 200 https://registry.npmjs.org/lazystream 119ms (cache revalidated)
npm http fetch GET 200 https://registry.npmjs.org/bl 118ms (cache revalidated)
npm http fetch GET 200 https://registry.npmjs.org/lodash.union 136ms (cache revalidated)
npm http fetch GET 200 https://registry.npmjs.org/string_decoder 687ms (cache revalidated)
npm http fetch GET 200 https://registry.npmjs.org/isarray 63ms (cache revalidated)
npm http fetch GET 200 https://registry.npmjs.org/process-nextick-args 64ms (cache revalidated)
npm http fetch GET 200 https://registry.npmjs.org/core-util-is 74ms (cache revalidated)
npm http fetch GET 200 https://registry.npmjs.org/rimraf 60ms (cache revalidated)
npm http fetch GET 200 https://registry.npmjs.org/event-stream 68ms (cache revalidated)
npm http fetch GET 200 https://registry.npmjs.org/color-convert 64ms (cache revalidated)
npm http fetch GET 200 https://registry.npmjs.org/has-flag 74ms (cache revalidated)
npm http fetch GET 200 https://registry.npmjs.org/color-name 64ms (cache revalidated)
npm http fetch GET 200 https://registry.npmjs.org/strip-ansi 62ms (cache revalidated)
npm http fetch GET 200 https://registry.npmjs.org/emoji-regex 77ms (cache revalidated)
npm http fetch GET 200 https://registry.npmjs.org/is-fullwidth-code-point 79ms (cache revalidated)
npm http fetch GET 200 https://registry.npmjs.org/restore-cursor 131ms (cache revalidated)
npm http fetch GET 200 https://registry.npmjs.org/onetime 122ms (cache revalidated)
npm http fetch GET 200 https://registry.npmjs.org/npm-run-path 116ms (cache revalidated)
npm http fetch GET 200 https://registry.npmjs.org/merge-stream 124ms (cache revalidated)
npm http fetch GET 200 https://registry.npmjs.org/cross-spawn 126ms (cache revalidated)
npm http fetch GET 200 https://registry.npmjs.org/human-signals 125ms (cache revalidated)
npm http fetch GET 200 https://registry.npmjs.org/get-stream 122ms (cache revalidated)
npm http fetch GET 200 https://registry.npmjs.org/get-stream 131ms (cache revalidated)
npm http fetch GET 200 https://registry.npmjs.org/at-least-node 123ms (cache revalidated)
npm http fetch GET 200 https://registry.npmjs.org/base64-js 154ms (cache revalidated)
npm http fetch GET 200 https://registry.npmjs.org/is-stream 139ms (cache revalidated)
npm http fetch GET 200 https://registry.npmjs.org/ieee754 155ms (cache revalidated)
npm http fetch GET 200 https://registry.npmjs.org/@colors%2fcolors 153ms (cache revalidated)
npm http fetch GET 200 https://registry.npmjs.org/@types%2fyauzl 139ms (cache revalidated)
npm http fetch GET 200 https://registry.npmjs.org/strip-final-newline 160ms (cache revalidated)
npm http fetch GET 200 https://registry.npmjs.org/signal-exit 164ms (cache revalidated)
npm http fetch GET 200 https://registry.npmjs.org/rfdc 150ms (cache revalidated)
npm http fetch GET 200 https://registry.npmjs.org/lodash.once 194ms (cache revalidated)
npm http fetch GET 200 https://registry.npmjs.org/is-path-inside 158ms (cache revalidated)
npm http fetch GET 200 https://registry.npmjs.org/rxjs 158ms (cache revalidated)
npm http fetch GET 200 https://registry.npmjs.org/ci-info 170ms (cache revalidated)
npm http fetch GET 200 https://registry.npmjs.org/p-map 172ms (cache revalidated)
npm http fetch GET 200 https://registry.npmjs.org/through 173ms (cache revalidated)
npm http fetch GET 200 https://registry.npmjs.org/log-update 173ms (cache revalidated)
npm http fetch GET 200 https://registry.npmjs.org/global-dirs 181ms (cache revalidated)
npm http fetch GET 200 https://registry.npmjs.org/wrap-ansi 177ms (cache revalidated)
npm http fetch GET 200 https://registry.npmjs.org/colorette 178ms (cache revalidated)
npm http fetch GET 200 https://registry.npmjs.org/throttleit 180ms (cache revalidated)
npm http fetch GET 200 https://registry.npmjs.org/is-unicode-supported 188ms (cache revalidated)
npm http fetch GET 200 https://registry.npmjs.org/fd-slicer 184ms (cache revalidated)
npm http fetch GET 200 https://registry.npmjs.org/cli-truncate 219ms (cache revalidated)
npm http fetch GET 200 https://registry.npmjs.org/sshpk 69ms (cache revalidated)
npm http fetch GET 200 https://registry.npmjs.org/jsprim 76ms (cache revalidated)
npm http fetch GET 200 https://registry.npmjs.org/side-channel 73ms (cache revalidated)
npm http fetch GET 200 https://registry.npmjs.org/assert-plus 81ms (cache revalidated)
npm http fetch GET 200 https://registry.npmjs.org/psl 71ms (cache revalidated)
npm http fetch GET 200 https://registry.npmjs.org/delayed-stream 90ms (cache revalidated)
npm http fetch GET 200 https://registry.npmjs.org/punycode 76ms (cache revalidated)
npm http fetch GET 200 https://registry.npmjs.org/asynckit 89ms (cache revalidated)
npm http fetch GET 200 https://registry.npmjs.org/url-parse 78ms (cache revalidated)
npm http fetch GET 200 https://registry.npmjs.org/mime-db 109ms (cache revalidated)
npm http fetch GET 200 https://registry.npmjs.org/lodash.isfunction 77ms (cache revalidated)
npm http fetch GET 200 https://registry.npmjs.org/dateformat 76ms (cache revalidated)
npm http fetch GET 200 https://registry.npmjs.org/lodash.isstring 82ms (cache revalidated)
npm http fetch GET 200 https://registry.npmjs.org/prop-types 76ms (cache revalidated)
npm http fetch GET 200 https://registry.npmjs.org/escape-html 85ms (cache revalidated)
npm http fetch GET 200 https://registry.npmjs.org/opener 89ms (cache revalidated)
npm http fetch GET 200 https://registry.npmjs.org/validator 94ms (cache revalidated)
npm http fetch GET 200 https://registry.npmjs.org/lodash.isempty 681ms (cache revalidated)
npm http fetch GET 200 https://registry.npmjs.org/tcomb-validation 668ms (cache revalidated)
npm http fetch GET 200 https://registry.npmjs.org/lodash.isobject 689ms (cache revalidated)
npm http fetch GET 200 https://registry.npmjs.org/tcomb 695ms (cache revalidated)
npm http fetch GET 200 https://registry.npmjs.org/fsu 701ms (cache revalidated)
npm http fetch GET 200 https://registry.npmjs.org/is-natural-number 57ms (cache revalidated)
npm http fetch GET 200 https://registry.npmjs.org/file-type 67ms (cache revalidated)
npm http fetch GET 200 https://registry.npmjs.org/file-type 80ms (cache revalidated)
npm http fetch GET 200 https://registry.npmjs.org/file-type 88ms (cache revalidated)
npm http fetch GET 200 https://registry.npmjs.org/unbzip2-stream 88ms (cache revalidated)
npm http fetch GET 200 https://registry.npmjs.org/seek-bzip 105ms (cache revalidated)
npm http fetch GET 200 https://registry.npmjs.org/buffer-alloc 56ms (cache revalidated)
npm http fetch GET 200 https://registry.npmjs.org/xtend 62ms (cache revalidated)
npm http fetch GET 200 https://registry.npmjs.org/to-buffer 90ms (cache revalidated)
npm http fetch GET 200 https://registry.npmjs.org/pinkie-promise 61ms (cache revalidated)
npm http fetch GET 200 https://registry.npmjs.org/object-assign 68ms (cache revalidated)
npm http fetch GET 200 https://registry.npmjs.org/ansi-regex 61ms (cache revalidated)
npm http fetch GET 200 https://registry.npmjs.org/which 74ms (cache revalidated)
npm http fetch GET 200 https://registry.npmjs.org/path-key 77ms (cache revalidated)
npm http fetch GET 200 https://registry.npmjs.org/path-key 70ms (cache revalidated)
npm http fetch GET 200 https://registry.npmjs.org/shebang-command 82ms (cache revalidated)
npm http fetch GET 200 https://registry.npmjs.org/pump 88ms (cache revalidated)
npm http fetch GET 200 https://registry.npmjs.org/mimic-fn 84ms (cache revalidated)
npm http fetch GET 200 https://registry.npmjs.org/isexe 67ms (cache revalidated)
npm http fetch GET 200 https://registry.npmjs.org/shebang-regex 79ms (cache revalidated)
npm http fetch GET 200 https://registry.npmjs.org/undici-types 46ms (cache revalidated)
npm http fetch GET 200 https://registry.npmjs.org/pinkie 55ms (cache revalidated)
npm http fetch GET 200 https://registry.npmjs.org/brace-expansion 58ms (cache revalidated)
npm http fetch GET 200 https://registry.npmjs.org/wrappy 67ms (cache revalidated)
npm http fetch GET 200 https://registry.npmjs.org/dashdash 68ms (cache revalidated)
npm http fetch GET 200 https://registry.npmjs.org/safer-buffer 69ms (cache revalidated)
npm http fetch GET 200 https://registry.npmjs.org/getpass 76ms (cache revalidated)
npm http fetch GET 200 https://registry.npmjs.org/verror 81ms (cache revalidated)
npm http fetch GET 200 https://registry.npmjs.org/bcrypt-pbkdf 74ms (cache revalidated)
npm http fetch GET 200 https://registry.npmjs.org/extsprintf 88ms (cache revalidated)
npm http fetch GET 200 https://registry.npmjs.org/jsbn 82ms (cache revalidated)
npm http fetch GET 200 https://registry.npmjs.org/json-schema 90ms (cache revalidated)
npm http fetch GET 200 https://registry.npmjs.org/tweetnacl 83ms (cache revalidated)
npm http fetch GET 200 https://registry.npmjs.org/asn1 98ms (cache revalidated)
npm http fetch GET 200 https://registry.npmjs.org/ecc-jsbn 109ms (cache revalidated)
npm http fetch GET 200 https://registry.npmjs.org/aggregate-error 60ms (cache revalidated)
npm http fetch GET 200 https://registry.npmjs.org/tslib 58ms (cache revalidated)
npm http fetch GET 200 https://registry.npmjs.org/ansi-escapes 110ms (cache revalidated)
npm http fetch GET 200 https://registry.npmjs.org/astral-regex 52ms (cache revalidated)
npm http fetch GET 200 https://registry.npmjs.org/type-fest 66ms (cache revalidated)
npm http fetch GET 200 https://registry.npmjs.org/concat-map 57ms (cache revalidated)
npm http fetch GET 200 https://registry.npmjs.org/balanced-match 66ms (cache revalidated)
npm http fetch GET 200 https://registry.npmjs.org/is-glob 91ms (cache revalidated)
npm http fetch GET 200 https://registry.npmjs.org/anymatch 96ms (cache revalidated)
npm http fetch GET 200 https://registry.npmjs.org/randombytes 97ms (cache revalidated)
npm http fetch GET 200 https://registry.npmjs.org/path-exists 105ms (cache revalidated)
npm http fetch GET 200 https://registry.npmjs.org/is-plain-obj 90ms (cache revalidated)
npm http fetch GET 200 https://registry.npmjs.org/locate-path 113ms (cache revalidated)
npm http fetch GET 200 https://registry.npmjs.org/escalade 102ms (cache revalidated)
npm http fetch GET 200 https://registry.npmjs.org/readdirp 124ms (cache revalidated)
npm http fetch GET 200 https://registry.npmjs.org/braces 128ms (cache revalidated)
npm http fetch GET 200 https://registry.npmjs.org/camelcase 102ms (cache revalidated)
npm http fetch GET 200 https://registry.npmjs.org/fsevents 125ms (cache revalidated)
npm http fetch GET 200 https://registry.npmjs.org/is-binary-path 128ms (cache revalidated)
npm http fetch GET 200 https://registry.npmjs.org/argparse 118ms (cache revalidated)
npm http fetch GET 200 https://registry.npmjs.org/flat 106ms (cache revalidated)
npm http fetch GET 200 https://registry.npmjs.org/glob-parent 710ms (cache revalidated)
npm http fetch GET 200 https://registry.npmjs.org/is-extglob 58ms (cache revalidated)
npm http fetch GET 200 https://registry.npmjs.org/binary-extensions 61ms (cache revalidated)
npm http fetch GET 200 https://registry.npmjs.org/picomatch 72ms (cache revalidated)
npm http fetch GET 200 https://registry.npmjs.org/fill-range 78ms (cache revalidated)
npm http fetch GET 200 https://registry.npmjs.org/picomatch 74ms (cache revalidated)
npm http fetch GET 200 https://registry.npmjs.org/to-regex-range 75ms (cache revalidated)
npm http fetch GET 200 https://registry.npmjs.org/is-number 65ms (cache revalidated)
npm http fetch GET 200 https://registry.npmjs.org/p-locate 55ms (cache revalidated)
npm http fetch GET 200 https://registry.npmjs.org/p-limit 80ms (cache revalidated)
npm http fetch GET 200 https://registry.npmjs.org/loose-envify 86ms (cache revalidated)
npm http fetch GET 200 https://registry.npmjs.org/react-is 101ms (cache revalidated)
npm http fetch GET 200 https://registry.npmjs.org/easy-stack 59ms (cache revalidated)
npm http fetch GET 200 https://registry.npmjs.org/yocto-queue 80ms (cache revalidated)
npm http fetch GET 200 https://registry.npmjs.org/indent-string 71ms (cache revalidated)
npm http fetch GET 200 https://registry.npmjs.org/clean-stack 700ms (cache revalidated)
npm http fetch GET 200 https://registry.npmjs.org/js-tokens 62ms (cache revalidated)
npm http fetch GET 200 https://registry.npmjs.org/stream-combiner 53ms (cache revalidated)
npm http fetch GET 200 https://registry.npmjs.org/from 70ms (cache revalidated)
npm http fetch GET 200 https://registry.npmjs.org/map-stream 81ms (cache revalidated)
npm http fetch GET 200 https://registry.npmjs.org/duplexer 85ms (cache revalidated)
npm http fetch GET 200 https://registry.npmjs.org/pause-stream 82ms (cache revalidated)
npm http fetch GET 200 https://registry.npmjs.org/split 687ms (cache revalidated)
npm http fetch GET 200 https://registry.npmjs.org/object-inspect 60ms (cache revalidated)
npm http fetch GET 200 https://registry.npmjs.org/es-errors 66ms (cache revalidated)
npm http fetch GET 200 https://registry.npmjs.org/call-bind 78ms (cache revalidated)
npm http fetch GET 200 https://registry.npmjs.org/get-intrinsic 83ms (cache revalidated)
npm http fetch GET 200 https://registry.npmjs.org/har-schema 92ms (cache revalidated)
npm http fetch GET 200 https://registry.npmjs.org/uri-js 76ms (cache revalidated)
npm http fetch GET 200 https://registry.npmjs.org/json-schema-traverse 76ms (cache revalidated)
npm http fetch GET 200 https://registry.npmjs.org/fast-json-stable-stringify 80ms (cache revalidated)
npm http fetch GET 200 https://registry.npmjs.org/fast-deep-equal 86ms (cache revalidated)
npm http fetch GET 200 https://registry.npmjs.org/es-define-property 65ms (cache revalidated)
npm http fetch GET 200 https://registry.npmjs.org/set-function-length 71ms (cache revalidated)
npm http fetch GET 200 https://registry.npmjs.org/has-symbols 76ms (cache revalidated)
npm http fetch GET 200 https://registry.npmjs.org/function-bind 82ms (cache revalidated)
npm http fetch GET 200 https://registry.npmjs.org/hasown 90ms (cache revalidated)
npm http fetch GET 200 https://registry.npmjs.org/has-proto 130ms (cache revalidated)
npm http fetch GET 200 https://registry.npmjs.org/gopd 85ms (cache revalidated)
npm http fetch GET 200 https://registry.npmjs.org/define-data-property 87ms (cache revalidated)
npm http fetch GET 200 https://registry.npmjs.org/has-property-descriptors 92ms (cache revalidated)
npm http fetch GET 200 https://registry.npmjs.org/querystringify 56ms (cache revalidated)
npm http fetch GET 200 https://registry.npmjs.org/requires-port 63ms (cache revalidated)
npm http fetch GET 200 https://registry.npmjs.org/cli-boxes 89ms (cache revalidated)
npm http fetch GET 200 https://registry.npmjs.org/package-json 73ms (cache revalidated)
npm http fetch GET 200 https://registry.npmjs.org/unique-string 82ms (cache revalidated)
npm http fetch GET 200 https://registry.npmjs.org/widest-line 96ms (cache revalidated)
npm http fetch GET 200 https://registry.npmjs.org/escape-goat 75ms (cache revalidated)
npm http fetch GET 200 https://registry.npmjs.org/ansi-align 105ms (cache revalidated)
npm http fetch GET 200 https://registry.npmjs.org/dot-prop 103ms (cache revalidated)
npm http fetch GET 200 https://registry.npmjs.org/write-file-atomic 102ms (cache revalidated)
npm http fetch GET 200 https://registry.npmjs.org/eastasianwidth 69ms (cache revalidated)
npm http fetch GET 200 https://registry.npmjs.org/typedarray-to-buffer 55ms (cache revalidated)
npm http fetch GET 200 https://registry.npmjs.org/is-obj 64ms (cache revalidated)
npm http fetch GET 200 https://registry.npmjs.org/crypto-random-string 73ms (cache revalidated)
npm http fetch GET 200 https://registry.npmjs.org/imurmurhash 680ms (cache revalidated)
npm http fetch GET 200 https://registry.npmjs.org/registry-auth-token 60ms (cache revalidated)
npm http fetch GET 200 https://registry.npmjs.org/got 65ms (cache revalidated)
npm http fetch GET 200 https://registry.npmjs.org/registry-url 73ms (cache revalidated)
npm http fetch GET 200 https://registry.npmjs.org/responselike 84ms (cache revalidated)
npm http fetch GET 200 https://registry.npmjs.org/form-data-encoder 86ms (cache revalidated)
npm http fetch GET 200 https://registry.npmjs.org/decompress-response 88ms (cache revalidated)
npm http fetch GET 200 https://registry.npmjs.org/lowercase-keys 97ms (cache revalidated)
npm http fetch GET 200 https://registry.npmjs.org/cacheable-lookup 98ms (cache revalidated)
npm http fetch GET 200 https://registry.npmjs.org/cacheable-request 102ms (cache revalidated)
npm http fetch GET 200 https://registry.npmjs.org/p-cancelable 113ms (cache revalidated)
npm http fetch GET 200 https://registry.npmjs.org/rc 98ms (cache revalidated)
npm http fetch GET 200 https://registry.npmjs.org/http2-wrapper 120ms (cache revalidated)
npm http fetch GET 200 https://registry.npmjs.org/@szmarczak%2fhttp-timer 114ms (cache revalidated)
npm http fetch GET 200 https://registry.npmjs.org/@sindresorhus%2fis 153ms (cache revalidated)
npm http fetch GET 200 https://registry.npmjs.org/@pnpm%2fnpm-conf 173ms (cache revalidated)
npm http fetch GET 200 https://registry.npmjs.org/normalize-url 76ms (cache revalidated)
npm http fetch GET 200 https://registry.npmjs.org/http-cache-semantics 82ms (cache revalidated)
npm http fetch GET 200 https://registry.npmjs.org/defer-to-connect 87ms (cache revalidated)
npm http fetch GET 200 https://registry.npmjs.org/quick-lru 74ms (cache revalidated)
npm http fetch GET 200 https://registry.npmjs.org/resolve-alpn 80ms (cache revalidated)
npm http fetch GET 200 https://registry.npmjs.org/mimic-response 87ms (cache revalidated)
npm http fetch GET 200 https://registry.npmjs.org/mimic-response 106ms (cache revalidated)
npm http fetch GET 200 https://registry.npmjs.org/keyv 110ms (cache revalidated)
npm http fetch GET 200 https://registry.npmjs.org/@types%2fhttp-cache-semantics 130ms (cache revalidated)
npm http fetch GET 200 https://registry.npmjs.org/json-buffer 84ms (cache revalidated)
npm http fetch GET 200 https://registry.npmjs.org/config-chain 65ms (cache revalidated)
npm http fetch GET 200 https://registry.npmjs.org/@pnpm%2fnetwork.ca-file 97ms (cache revalidated)
npm http fetch GET 200 https://registry.npmjs.org/@pnpm%2fconfig.env-replace 137ms (cache revalidated)
npm http fetch GET 200 https://registry.npmjs.org/proto-list 62ms (cache revalidated)
npm http fetch GET 200 https://registry.npmjs.org/deep-extend 71ms (cache revalidated)
npm http fetch GET 200 https://registry.npmjs.org/pend 140ms (cache revalidated)
npm http fetch GET 200 https://registry.npmjs.org/crc32-stream 61ms (cache revalidated)
npm http fetch GET 200 https://registry.npmjs.org/crc-32 76ms (cache revalidated)
npm http fetch GET 200 https://registry.npmjs.org/buffer-fill 61ms (cache revalidated)
npm http fetch GET 200 https://registry.npmjs.org/buffer-alloc-unsafe 69ms (cache revalidated)
npm http fetch GET 200 https://registry.npmjs.org/p-try 60ms (cache revalidated)
npm verb reify failed optional dependency C:\Projetos\automacao-web-pgats\tmpBstackPackages\node_modules\fsevents
npm http fetch POST 200 https://registry.npmjs.org/-/npm/v1/security/advisories/bulk 1328ms
npm WARN deprecated inflight@1.0.6: This module is not supported, and leaks memory. Do not use it. Check out lru-cache if you want a good and tested way to coalesce async requests by a key value, which is much more comprehensive and powerful.
npm WARN deprecated rimraf@2.5.4: Rimraf versions prior to v4 are no longer supported
npm WARN deprecated har-validator@5.1.5: this library is no longer supported
npm WARN deprecated glob@7.2.3: Glob versions prior to v9 are no longer supported
npm WARN deprecated glob@8.1.0: Glob versions prior to v9 are no longer supported
npm WARN deprecated uuid@3.4.0: Please upgrade  to version 7 or higher.  Older versions may use Math.random() in certain circumstances, which is known to be problematic.  See https://v8.dev/blog/math-random for details.
npm WARN deprecated request@2.88.2: request has been deprecated, see https://github.com/request/request/issues/3142
npm info run cypress@13.13.1 postinstall node_modules/cypress node index.js --exec install
npm info run cypress@13.13.1 postinstall { code: 0, signal: null }

added 501 packages, and audited 502 packages in 29s

96 packages are looking for funding
  run `npm fund` for details

3 moderate severity vulnerabilities

To address all issues (including breaking changes), run:
  npm audit fix --force

Run `npm audit` for details.
npm verb exit 0
npm info ok 
